<?xml version="1.0" encoding="UTF-8"?>
<!-- Generated by org.testng.reporters.JUnitReportReporter -->
<testsuite skipped="0" hostname="DBS-NOTE-228" name="com.grocerycrud.com.GroceryCrudTests" tests="8" failures="0" timestamp="2020-05-18T18:29:12 BRT" time="50.493" errors="0">
  <testcase name="deveCadastrarContato" time="0.616" classname="com.grocerycrud.com.GroceryCrudTests"/>
  <system-out/>
  <testcase name="deveCadastrarNome" time="0.557" classname="com.grocerycrud.com.GroceryCrudTests"/>
  <system-out/>
  <testcase name="deveCadastrarCreditInfo" time="0.828" classname="com.grocerycrud.com.GroceryCrudTests"/>
  <system-out/>
  <testcase name="deveDeletarCustomer" time="9.917" classname="com.grocerycrud.com.GroceryCrudTests"/>
  <system-out/>
  <testcase name="deveCadastrarComSucesso" time="2.009" classname="com.grocerycrud.com.GroceryCrudTests"/>
  <system-out/>
  <testcase name="deveAbrirAddCostumer" time="7.627" classname="com.grocerycrud.com.GroceryCrudTests"/>
  <system-out/>
  <testcase name="deveCadastrarEndereco" time="0.949" classname="com.grocerycrud.com.GroceryCrudTests"/>
  <system-out/>
  <testcase name="deveAlterarTema" time="27.990" classname="com.grocerycrud.com.GroceryCrudTests"/>
  <system-out/>
</testsuite> <!-- com.grocerycrud.com.GroceryCrudTests -->
